<?xml version="1.0" encoding="UTF-8"?>
<!-- Generated by org.testng.reporters.JUnitReportReporter -->
<testsuite hostname="DESKTOP-45FQJ0I" failures="0" tests="2" name="com.DSAlgo.qa.testcase.GetStartedTest" time="2.608"
           errors="0" timestamp="2023-01-25T16:49:44 CST" skipped="0">
    <testcase classname="com.DSAlgo.qa.testcase.GetStartedTest" name="getStartedButtonClickTest" time="2.601"/>
    <system-out/>
    <testcase classname="com.DSAlgo.qa.testcase.GetStartedTest" name="validateUserLandingHomePageTest" time="0.007"/>
    <system-out/>
</testsuite> <!-- com.DSAlgo.qa.testcase.GetStartedTest -->
