<?xml version="1.0" encoding="UTF-8"?>
<!-- Generated by org.testng.reporters.JUnitReportReporter -->
<testsuite hostname="DESKTOP-45FQJ0I" failures="0" tests="1" name="com.DSAlgo.qa.testcase.HomePageTest" time="9.879"
           errors="0" timestamp="2023-01-25T16:53:58 CST" skipped="0">
    <testcase classname="com.DSAlgo.qa.testcase.HomePageTest" name="LoginLnkClickTest" time="9.879"/>
    <system-out/>
</testsuite> <!-- com.DSAlgo.qa.testcase.HomePageTest -->
